

Started GET "/" for 127.0.0.1 at 2012-11-11 15:54:07 -0500

Mysql2::Error (Can't connect to local MySQL server through socket '/var/run/mysqld/mysqld.sock' (2)):
  

Rendered /Users/chris/.rvm/gems/ruby-1.9.3-p125/gems/actionpack-3.0.11/lib/action_dispatch/middleware/templates/rescues/_trace.erb (1.2ms)
Rendered /Users/chris/.rvm/gems/ruby-1.9.3-p125/gems/actionpack-3.0.11/lib/action_dispatch/middleware/templates/rescues/_request_and_response.erb (11.7ms)
Rendered /Users/chris/.rvm/gems/ruby-1.9.3-p125/gems/actionpack-3.0.11/lib/action_dispatch/middleware/templates/rescues/diagnostics.erb within rescues/layout (17.0ms)


Started GET "/" for 127.0.0.1 at 2012-11-11 15:54:23 -0500

Mysql2::Error (Can't connect to local MySQL server through socket '/var/run/mysqld/mysqld.sock' (2)):
  

Rendered /Users/chris/.rvm/gems/ruby-1.9.3-p125/gems/actionpack-3.0.11/lib/action_dispatch/middleware/templates/rescues/_trace.erb (1.2ms)
Rendered /Users/chris/.rvm/gems/ruby-1.9.3-p125/gems/actionpack-3.0.11/lib/action_dispatch/middleware/templates/rescues/_request_and_response.erb (0.8ms)
Rendered /Users/chris/.rvm/gems/ruby-1.9.3-p125/gems/actionpack-3.0.11/lib/action_dispatch/middleware/templates/rescues/diagnostics.erb within rescues/layout (4.1ms)


Started GET "/" for 127.0.0.1 at 2012-11-11 15:54:52 -0500

Mysql2::Error (Can't connect to local MySQL server through socket '/var/run/mysqld/mysqld.sock' (2)):
  

Rendered /Users/chris/.rvm/gems/ruby-1.9.3-p125/gems/actionpack-3.0.11/lib/action_dispatch/middleware/templates/rescues/_trace.erb (1.2ms)
Rendered /Users/chris/.rvm/gems/ruby-1.9.3-p125/gems/actionpack-3.0.11/lib/action_dispatch/middleware/templates/rescues/_request_and_response.erb (0.9ms)
Rendered /Users/chris/.rvm/gems/ruby-1.9.3-p125/gems/actionpack-3.0.11/lib/action_dispatch/middleware/templates/rescues/diagnostics.erb within rescues/layout (4.5ms)


Started GET "/" for 127.0.0.1 at 2012-11-11 15:54:53 -0500

Mysql2::Error (Can't connect to local MySQL server through socket '/var/run/mysqld/mysqld.sock' (2)):
  

Rendered /Users/chris/.rvm/gems/ruby-1.9.3-p125/gems/actionpack-3.0.11/lib/action_dispatch/middleware/templates/rescues/_trace.erb (1.2ms)
Rendered /Users/chris/.rvm/gems/ruby-1.9.3-p125/gems/actionpack-3.0.11/lib/action_dispatch/middleware/templates/rescues/_request_and_response.erb (0.8ms)
Rendered /Users/chris/.rvm/gems/ruby-1.9.3-p125/gems/actionpack-3.0.11/lib/action_dispatch/middleware/templates/rescues/diagnostics.erb within rescues/layout (4.8ms)


Started GET "/" for 127.0.0.1 at 2012-11-11 15:54:54 -0500

Mysql2::Error (Can't connect to local MySQL server through socket '/var/run/mysqld/mysqld.sock' (2)):
  

Rendered /Users/chris/.rvm/gems/ruby-1.9.3-p125/gems/actionpack-3.0.11/lib/action_dispatch/middleware/templates/rescues/_trace.erb (1.3ms)
Rendered /Users/chris/.rvm/gems/ruby-1.9.3-p125/gems/actionpack-3.0.11/lib/action_dispatch/middleware/templates/rescues/_request_and_response.erb (1.1ms)
Rendered /Users/chris/.rvm/gems/ruby-1.9.3-p125/gems/actionpack-3.0.11/lib/action_dispatch/middleware/templates/rescues/diagnostics.erb within rescues/layout (5.0ms)


Started GET "/" for 127.0.0.1 at 2012-11-11 15:55:19 -0500

Mysql2::Error (Access denied for user 'root'@'localhost' (using password: YES)):
  

Rendered /Users/chris/.rvm/gems/ruby-1.9.3-p125/gems/actionpack-3.0.11/lib/action_dispatch/middleware/templates/rescues/_trace.erb (1.3ms)
Rendered /Users/chris/.rvm/gems/ruby-1.9.3-p125/gems/actionpack-3.0.11/lib/action_dispatch/middleware/templates/rescues/_request_and_response.erb (2.8ms)
Rendered /Users/chris/.rvm/gems/ruby-1.9.3-p125/gems/actionpack-3.0.11/lib/action_dispatch/middleware/templates/rescues/diagnostics.erb within rescues/layout (7.5ms)


Started GET "/" for 127.0.0.1 at 2012-11-11 15:55:47 -0500

Mysql2::Error (Access denied for user 'root'@'localhost' (using password: YES)):
  

Rendered /Users/chris/.rvm/gems/ruby-1.9.3-p125/gems/actionpack-3.0.11/lib/action_dispatch/middleware/templates/rescues/_trace.erb (1.2ms)
Rendered /Users/chris/.rvm/gems/ruby-1.9.3-p125/gems/actionpack-3.0.11/lib/action_dispatch/middleware/templates/rescues/_request_and_response.erb (0.8ms)
Rendered /Users/chris/.rvm/gems/ruby-1.9.3-p125/gems/actionpack-3.0.11/lib/action_dispatch/middleware/templates/rescues/diagnostics.erb within rescues/layout (4.5ms)


Started GET "/" for 127.0.0.1 at 2012-11-11 15:56:07 -0500
  Processing by AccountManagement::UserController#dashboard as HTML
Completed   in 1ms


Started GET "/login" for 127.0.0.1 at 2012-11-11 15:56:08 -0500
  Processing by Devise::SessionsController#new as HTML
Rendered devise/shared/_links.erb (1.6ms)
Rendered devise/shared/_links.erb (0.3ms)
Rendered devise/sessions/new.html.erb within layouts/application (32.5ms)
Completed 200 OK in 118ms (Views: 61.0ms | ActiveRecord: 0.0ms)


Started POST "/login?locale=en" for 127.0.0.1 at 2012-11-11 15:56:16 -0500
  Processing by Devise::SessionsController#create as HTML
  Parameters: {"utf8"=>"✓", "authenticity_token"=>"eflJCQqj+xURfqEay/TCjF0dJBqZ860V3ErYemr1XlU=", "user"=>{"email"=>"rchristian.ramon@gmail.com", "password"=>"[FILTERED]", "remember_me"=>"0"}, "commit"=>"Sign in", "locale"=>"en"}
Redirected to http://surveyhumans.com/
Completed 302 Found in 585ms


Started GET "/" for 127.0.0.1 at 2012-11-11 15:56:16 -0500
  Processing by AccountManagement::UserController#dashboard as HTML
Rendered layouts/_messages.html.erb (0.8ms)
Rendered layouts/_panel_user.html.erb (107.6ms)
Rendered layouts/_header_user.html.erb (3.1ms)
Rendered account_management/user/dashboard.html.erb within layouts/_content (209.9ms)
Completed 200 OK in 294ms (Views: 152.7ms | ActiveRecord: 94.2ms)
